#
# A fatal error has been detected by the Java Runtime Environment:
#
#  Internal Error (safepoint.cpp:310), pid=5643, tid=0x0000000000003403
#  guarantee(PageArmed == 0) failed: invariant
#
# JRE version: Java(TM) SE Runtime Environment (8.0_102-b14) (build 1.8.0_102-b14)
# Java VM: Java HotSpot(TM) 64-Bit Server VM (25.102-b14 mixed mode bsd-amd64 compressed oops)
# Failed to write core dump. Core dumps have been disabled. To enable core dumping, try "ulimit -c unlimited" before starting Java again
#
# If you would like to submit a bug report, please visit:
#   http://bugreport.java.com/bugreport/crash.jsp
#

---------------  T H R E A D  ---------------

Current thread (0x00007fd71d820800):  VMThread [stack: 0x0000700000a35000,0x0000700000b35000] [id=13315]

Stack: [0x0000700000a35000,0x0000700000b35000],  sp=0x0000700000b34910,  free space=1022k
Native frames: (J=compiled Java code, j=interpreted, Vv=VM code, C=native code)
V  [libjvm.dylib+0x5afd6a]
V  [libjvm.dylib+0x1e7afb]
V  [libjvm.dylib+0x4e11ba]
V  [libjvm.dylib+0x5b63a7]
V  [libjvm.dylib+0x5b5cd5]
V  [libjvm.dylib+0x489ed2]
C  [libsystem_pthread.dylib+0x399d]  _pthread_body+0x83
C  [libsystem_pthread.dylib+0x391a]  _pthread_body+0x0
C  [libsystem_pthread.dylib+0x1351]  thread_start+0xd

VM_Operation (0x00007000015d5658): Exit, mode: safepoint, requested by thread 0x00007fd71d824800


---------------  P R O C E S S  ---------------

Java Threads: ( => current thread )
  0x00007fd71d824800 JavaThread "SIGTERM handler" daemon [_thread_blocked, id=4875, stack(0x00007000014d6000,0x00007000015d6000)]
  0x00007fd71d00a000 JavaThread "Service Thread" daemon [_thread_blocked, id=20995, stack(0x00007000012d0000,0x00007000013d0000)]
  0x00007fd71d016800 JavaThread "C1 CompilerThread3" daemon [_thread_blocked, id=20483, stack(0x00007000011cd000,0x00007000012cd000)]
  0x00007fd71d00d800 JavaThread "C2 CompilerThread2" daemon [_thread_blocked, id=19971, stack(0x00007000010ca000,0x00007000011ca000)]
  0x00007fd71d00c800 JavaThread "C2 CompilerThread1" daemon [_thread_blocked, id=19459, stack(0x0000700000fc7000,0x00007000010c7000)]
  0x00007fd71d00b000 JavaThread "C2 CompilerThread0" daemon [_thread_blocked, id=18947, stack(0x0000700000ec4000,0x0000700000fc4000)]
  0x00007fd71d009800 JavaThread "Signal Dispatcher" daemon [_thread_in_vm, id=15887, stack(0x0000700000dc1000,0x0000700000ec1000)]
  0x00007fd71d003000 JavaThread "Finalizer" daemon [_thread_blocked, id=14339, stack(0x0000700000c3b000,0x0000700000d3b000)]
  0x00007fd71d002800 JavaThread "Reference Handler" daemon [_thread_blocked, id=13827, stack(0x0000700000b38000,0x0000700000c38000)]
  0x00007fd71c002000 JavaThread "main" [_thread_in_Java, id=5891, stack(0x000070000011a000,0x000070000021a000)]

Other Threads:
=>0x00007fd71d820800 VMThread [stack: 0x0000700000a35000,0x0000700000b35000] [id=13315]

VM state:synchronizing (normal execution)

VM Mutex/Monitor currently owned by a thread:  ([mutex/lock_event])
[0x00007fd719c14d90] Safepoint_lock - owner thread: 0x00007fd71d820800
[0x00007fd719c14e10] Threads_lock - owner thread: 0x00007fd71d820800

Heap:
 PSYoungGen      total 76288K, used 44305K [0x000000076ab00000, 0x0000000770000000, 0x00000007c0000000)
  eden space 65536K, 67% used [0x000000076ab00000,0x000000076d6446b0,0x000000076eb00000)
  from space 10752K, 0% used [0x000000076f580000,0x000000076f580000,0x0000000770000000)
  to   space 10752K, 0% used [0x000000076eb00000,0x000000076eb00000,0x000000076f580000)
 ParOldGen       total 175104K, used 0K [0x00000006c0000000, 0x00000006cab00000, 0x000000076ab00000)
  object space 175104K, 0% used [0x00000006c0000000,0x00000006c0000000,0x00000006cab00000)
 Metaspace       used 2679K, capacity 4494K, committed 4864K, reserved 1056768K
  class space    used 291K, capacity 386K, committed 512K, reserved 1048576K

Card table byte_map: [0x0000000117d61000,0x0000000118562000] byte_map_base: 0x0000000114761000

Marking Bits: (ParMarkBitMap*) 0x00000001082efd20
 Begin Bits: [0x0000000118ab8000, 0x000000011cab8000)
 End Bits:   [0x000000011cab8000, 0x0000000120ab8000)

Polling page: 0x00000001068d4000

CodeCache: size=245760Kb used=1163Kb max_used=1175Kb free=244596Kb
 bounds [0x00000001089a1000, 0x0000000108c11000, 0x00000001179a1000]
 total_blobs=294 nmethods=60 adapters=148
 compilation: enabled

Compilation events (10 events):
Event: 2.371 Thread 0x00007fd71d016800   56       3       Ex6$SelectionSorter::interchange (15 bytes)
Event: 2.371 Thread 0x00007fd71d016800 nmethod 56 0x0000000108ac5150 code [0x0000000108ac52c0, 0x0000000108ac5430]
Event: 6.842 Thread 0x00007fd71d00b000   57       4       Ex6$SelectionSorter::interchange (15 bytes)
Event: 6.843 Thread 0x00007fd71d00b000 nmethod 57 0x0000000108ac3990 code [0x0000000108ac3ae0, 0x0000000108ac3b78]
Event: 274.929 Thread 0x00007fd71d016800   58 %     3       Ex6$SelectionSorter::selectionSort @ 5 (29 bytes)
Event: 274.929 Thread 0x00007fd71d016800 nmethod 58% 0x0000000108ac3250 code [0x0000000108ac33e0, 0x0000000108ac3708]
Event: 279.700 Thread 0x00007fd71d016800   59       3       Ex6$SelectionSorter::selectionSort (29 bytes)
Event: 279.700 Thread 0x00007fd71d016800 nmethod 59 0x0000000108ac2c90 code [0x0000000108ac2e20, 0x0000000108ac30e8]
Event: 452.296 Thread 0x00007fd71d00b000   60 %     4       Ex6$SelectionSorter::selectionSort @ 5 (29 bytes)
Event: 452.300 Thread 0x00007fd71d00b000 nmethod 60% 0x0000000108ac2750 code [0x0000000108ac28a0, 0x0000000108ac2ad8]

GC Heap History (0 events):
No events

Deoptimization events (2 events):
Event: 1.263 Thread 0x00007fd71c002000 Uncommon trap: reason=unstable_if action=reinterpret pc=0x0000000108abef08 method=Ex6.main([Ljava/lang/String;)V @ 52
Event: 1.272 Thread 0x00007fd71c002000 Uncommon trap: reason=unstable_if action=reinterpret pc=0x0000000108ac14e4 method=Ex6$SelectionSorter.getIndexOfSmallest(I[I)I @ 37

Internal exceptions (10 events):
Event: 0.100 Thread 0x00007fd71c002000 Exception <a 'java/security/PrivilegedActionException'> (0x000000076aba4a88) thrown at [/Users/java_re/workspace/8-2-build-macosx-x86_64/jdk8u102/7268/hotspot/src/share/vm/prims/jvm.cpp, line 1386]
Event: 0.100 Thread 0x00007fd71c002000 Exception <a 'java/util/zip/ZipException'> (0x000000076aba5808) thrown at [/Users/java_re/workspace/8-2-build-macosx-x86_64/jdk8u102/7268/hotspot/src/share/vm/prims/jni.cpp, line 709]
Event: 0.100 Thread 0x00007fd71c002000 Exception <a 'java/security/PrivilegedActionException'> (0x000000076aba5a10) thrown at [/Users/java_re/workspace/8-2-build-macosx-x86_64/jdk8u102/7268/hotspot/src/share/vm/prims/jvm.cpp, line 1386]
Event: 0.100 Thread 0x00007fd71c002000 Exception <a 'java/security/PrivilegedActionException'> (0x000000076aba5c20) thrown at [/Users/java_re/workspace/8-2-build-macosx-x86_64/jdk8u102/7268/hotspot/src/share/vm/prims/jvm.cpp, line 1386]
Event: 0.101 Thread 0x00007fd71c002000 Exception <a 'java/util/zip/ZipException'> (0x000000076aba69a0) thrown at [/Users/java_re/workspace/8-2-build-macosx-x86_64/jdk8u102/7268/hotspot/src/share/vm/prims/jni.cpp, line 709]
Event: 0.101 Thread 0x00007fd71c002000 Exception <a 'java/security/PrivilegedActionException'> (0x000000076aba6ba8) thrown at [/Users/java_re/workspace/8-2-build-macosx-x86_64/jdk8u102/7268/hotspot/src/share/vm/prims/jvm.cpp, line 1386]
Event: 0.101 Thread 0x00007fd71c002000 Exception <a 'java/security/PrivilegedActionException'> (0x000000076aba6db8) thrown at [/Users/java_re/workspace/8-2-build-macosx-x86_64/jdk8u102/7268/hotspot/src/share/vm/prims/jvm.cpp, line 1386]
Event: 0.103 Thread 0x00007fd71c002000 Exception <a 'java/util/zip/ZipException'> (0x000000076abb8560) thrown at [/Users/java_re/workspace/8-2-build-macosx-x86_64/jdk8u102/7268/hotspot/src/share/vm/prims/jni.cpp, line 709]
Event: 0.103 Thread 0x00007fd71c002000 Exception <a 'java/security/PrivilegedActionException'> (0x000000076abb8768) thrown at [/Users/java_re/workspace/8-2-build-macosx-x86_64/jdk8u102/7268/hotspot/src/share/vm/prims/jvm.cpp, line 1386]
Event: 0.103 Thread 0x00007fd71c002000 Exception <a 'java/security/PrivilegedActionException'> (0x000000076abb8978) thrown at [/Users/java_re/workspace/8-2-build-macosx-x86_64/jdk8u102/7268/hotspot/src/share/vm/prims/jvm.cpp, line 1386]

Events (10 events):
Event: 486.976 Thread 0x00007fd71c002000 DEOPT PACKING pc=0x0000000108ac3622 sp=0x0000700000219820
Event: 486.976 Thread 0x00007fd71c002000 DEOPT UNPACKING pc=0x00000001089e8633 sp=0x0000700000219590 mode 0
Event: 12173.254 loading class sun/misc/Signal$1
Event: 12173.254 loading class sun/misc/Signal$1 done
Event: 12173.254 Thread 0x00007fd71d824800 Thread added: 0x00007fd71d824800
Event: 12173.254 loading class java/lang/Shutdown
Event: 12173.254 loading class java/lang/Shutdown done
Event: 12173.254 loading class java/lang/Shutdown$Lock
Event: 12173.254 loading class java/lang/Shutdown$Lock done
Event: 12173.255 Executing VM operation: Exit


Dynamic libraries:
0x000000000453c000 	/System/Library/Frameworks/Cocoa.framework/Versions/A/Cocoa
0x000000000453c000 	/System/Library/Frameworks/Security.framework/Versions/A/Security
0x000000000453c000 	/System/Library/Frameworks/ApplicationServices.framework/Versions/A/ApplicationServices
0x000000000453c000 	/usr/lib/libz.1.dylib
0x000000000453c000 	/usr/lib/libSystem.B.dylib
0x000000000453c000 	/usr/lib/libobjc.A.dylib
0x000000000453c000 	/System/Library/Frameworks/CoreFoundation.framework/Versions/A/CoreFoundation
0x000000000453c000 	/System/Library/Frameworks/Foundation.framework/Versions/C/Foundation
0x000000000453c000 	/System/Library/Frameworks/AppKit.framework/Versions/C/AppKit
0x000000000453c000 	/System/Library/Frameworks/CoreData.framework/Versions/A/CoreData
0x000000000453c000 	/System/Library/PrivateFrameworks/RemoteViewServices.framework/Versions/A/RemoteViewServices
0x000000000453c000 	/System/Library/PrivateFrameworks/UIFoundation.framework/Versions/A/UIFoundation
0x000000000453c000 	/usr/lib/libScreenReader.dylib
0x000000000453c000 	/System/Library/Frameworks/Accelerate.framework/Versions/A/Accelerate
0x000000000453c000 	/System/Library/Frameworks/IOSurface.framework/Versions/A/IOSurface
0x000000000453c000 	/System/Library/Frameworks/AudioToolbox.framework/Versions/A/AudioToolbox
0x000000000453c000 	/System/Library/Frameworks/AudioUnit.framework/Versions/A/AudioUnit
0x000000000453c000 	/System/Library/PrivateFrameworks/DataDetectorsCore.framework/Versions/A/DataDetectorsCore
0x000000000453c000 	/System/Library/PrivateFrameworks/DesktopServicesPriv.framework/Versions/A/DesktopServicesPriv
0x000000000453c000 	/System/Library/Frameworks/Carbon.framework/Versions/A/Frameworks/HIToolbox.framework/Versions/A/HIToolbox
0x000000000453c000 	/System/Library/Frameworks/QuartzCore.framework/Versions/A/QuartzCore
0x000000000453c000 	/System/Library/Frameworks/Carbon.framework/Versions/A/Frameworks/SpeechRecognition.framework/Versions/A/SpeechRecognition
0x000000000453c000 	/usr/lib/libauto.dylib
0x000000000453c000 	/usr/lib/libicucore.A.dylib
0x000000000453c000 	/usr/lib/libxml2.2.dylib
0x000000000453c000 	/System/Library/PrivateFrameworks/CoreUI.framework/Versions/A/CoreUI
0x000000000453c000 	/System/Library/Frameworks/CoreAudio.framework/Versions/A/CoreAudio
0x000000000453c000 	/System/Library/Frameworks/DiskArbitration.framework/Versions/A/DiskArbitration
0x000000000453c000 	/usr/lib/liblangid.dylib
0x000000000453c000 	/System/Library/PrivateFrameworks/MultitouchSupport.framework/Versions/A/MultitouchSupport
0x000000000453c000 	/System/Library/Frameworks/IOKit.framework/Versions/A/IOKit
0x000000000453c000 	/usr/lib/libDiagnosticMessagesClient.dylib
0x000000000453c000 	/System/Library/Frameworks/CoreServices.framework/Versions/A/CoreServices
0x000000000453c000 	/System/Library/PrivateFrameworks/PerformanceAnalysis.framework/Versions/A/PerformanceAnalysis
0x000000000453c000 	/System/Library/PrivateFrameworks/GenerationalStorage.framework/Versions/A/GenerationalStorage
0x000000000453c000 	/System/Library/Frameworks/OpenGL.framework/Versions/A/OpenGL
0x000000000453c000 	/System/Library/PrivateFrameworks/Sharing.framework/Versions/A/Sharing
0x000000000453c000 	/System/Library/Frameworks/CoreGraphics.framework/Versions/A/CoreGraphics
0x000000000453c000 	/System/Library/Frameworks/CoreImage.framework/Versions/A/CoreImage
0x000000000453c000 	/System/Library/Frameworks/CoreText.framework/Versions/A/CoreText
0x000000000453c000 	/System/Library/Frameworks/ImageIO.framework/Versions/A/ImageIO
0x000000000453c000 	/System/Library/PrivateFrameworks/Backup.framework/Versions/A/Backup
0x000000000453c000 	/usr/lib/libextension.dylib
0x000000000453c000 	/usr/lib/libarchive.2.dylib
0x000000000453c000 	/System/Library/Frameworks/CFNetwork.framework/Versions/A/CFNetwork
0x000000000453c000 	/System/Library/Frameworks/SystemConfiguration.framework/Versions/A/SystemConfiguration
0x000000000453c000 	/usr/lib/libCRFSuite.dylib
0x000000000453c000 	/usr/lib/libc++.1.dylib
0x000000000453c000 	/usr/lib/libc++abi.dylib
0x000000000453c000 	/usr/lib/system/libcache.dylib
0x000000000453c000 	/usr/lib/system/libcommonCrypto.dylib
0x000000000453c000 	/usr/lib/system/libcompiler_rt.dylib
0x000000000453c000 	/usr/lib/system/libcopyfile.dylib
0x000000000453c000 	/usr/lib/system/libcorecrypto.dylib
0x000000000453c000 	/usr/lib/system/libdispatch.dylib
0x000000000453c000 	/usr/lib/system/libdyld.dylib
0x000000000453c000 	/usr/lib/system/libkeymgr.dylib
0x000000000453c000 	/usr/lib/system/liblaunch.dylib
0x000000000453c000 	/usr/lib/system/libmacho.dylib
0x000000000453c000 	/usr/lib/system/libquarantine.dylib
0x000000000453c000 	/usr/lib/system/libremovefile.dylib
0x000000000453c000 	/usr/lib/system/libsystem_asl.dylib
0x000000000453c000 	/usr/lib/system/libsystem_blocks.dylib
0x000000000453c000 	/usr/lib/system/libsystem_c.dylib
0x000000000453c000 	/usr/lib/system/libsystem_configuration.dylib
0x000000000453c000 	/usr/lib/system/libsystem_coreservices.dylib
0x000000000453c000 	/usr/lib/system/libsystem_coretls.dylib
0x000000000453c000 	/usr/lib/system/libsystem_dnssd.dylib
0x000000000453c000 	/usr/lib/system/libsystem_info.dylib
0x000000000453c000 	/usr/lib/system/libsystem_kernel.dylib
0x000000000453c000 	/usr/lib/system/libsystem_m.dylib
0x000000000453c000 	/usr/lib/system/libsystem_malloc.dylib
0x000000000453c000 	/usr/lib/system/libsystem_network.dylib
0x000000000453c000 	/usr/lib/system/libsystem_networkextension.dylib
0x000000000453c000 	/usr/lib/system/libsystem_notify.dylib
0x000000000453c000 	/usr/lib/system/libsystem_platform.dylib
0x000000000453c000 	/usr/lib/system/libsystem_pthread.dylib
0x000000000453c000 	/usr/lib/system/libsystem_sandbox.dylib
0x000000000453c000 	/usr/lib/system/libsystem_secinit.dylib
0x000000000453c000 	/usr/lib/system/libsystem_trace.dylib
0x000000000453c000 	/usr/lib/system/libunc.dylib
0x000000000453c000 	/usr/lib/system/libunwind.dylib
0x000000000453c000 	/usr/lib/system/libxpc.dylib
0x000000000453c000 	/usr/lib/libenergytrace.dylib
0x000000000453c000 	/usr/lib/libbsm.0.dylib
0x000000000453c000 	/usr/lib/system/libkxld.dylib
0x000000000453c000 	/usr/lib/libxar.1.dylib
0x000000000453c000 	/usr/lib/libsqlite3.dylib
0x000000000453c000 	/usr/lib/libpam.2.dylib
0x000000000453c000 	/usr/lib/libOpenScriptingUtil.dylib
0x000000000453c000 	/usr/lib/libbz2.1.0.dylib
0x000000000453c000 	/usr/lib/liblzma.5.dylib
0x000000000453c000 	/System/Library/Frameworks/CoreServices.framework/Versions/A/Frameworks/FSEvents.framework/Versions/A/FSEvents
0x000000000453c000 	/System/Library/Frameworks/CoreServices.framework/Versions/A/Frameworks/CarbonCore.framework/Versions/A/CarbonCore
0x000000000453c000 	/System/Library/Frameworks/CoreServices.framework/Versions/A/Frameworks/Metadata.framework/Versions/A/Metadata
0x000000000453c000 	/System/Library/Frameworks/CoreServices.framework/Versions/A/Frameworks/OSServices.framework/Versions/A/OSServices
0x000000000453c000 	/System/Library/Frameworks/CoreServices.framework/Versions/A/Frameworks/SearchKit.framework/Versions/A/SearchKit
0x000000000453c000 	/System/Library/Frameworks/CoreServices.framework/Versions/A/Frameworks/AE.framework/Versions/A/AE
0x000000000453c000 	/System/Library/Frameworks/CoreServices.framework/Versions/A/Frameworks/LaunchServices.framework/Versions/A/LaunchServices
0x000000000453c000 	/System/Library/Frameworks/CoreServices.framework/Versions/A/Frameworks/DictionaryServices.framework/Versions/A/DictionaryServices
0x000000000453c000 	/System/Library/Frameworks/CoreServices.framework/Versions/A/Frameworks/SharedFileList.framework/Versions/A/SharedFileList
0x000000000453c000 	/System/Library/Frameworks/NetFS.framework/Versions/A/NetFS
0x000000000453c000 	/System/Library/PrivateFrameworks/NetAuth.framework/Versions/A/NetAuth
0x000000000453c000 	/System/Library/PrivateFrameworks/login.framework/Versions/A/Frameworks/loginsupport.framework/Versions/A/loginsupport
0x000000000453c000 	/System/Library/PrivateFrameworks/TCC.framework/Versions/A/TCC
0x000000000453c000 	/usr/lib/libmecabra.dylib
0x000000000453c000 	/System/Library/Frameworks/ApplicationServices.framework/Versions/A/Frameworks/ATS.framework/Versions/A/ATS
0x000000000453c000 	/System/Library/Frameworks/ApplicationServices.framework/Versions/A/Frameworks/ColorSync.framework/Versions/A/ColorSync
0x000000000453c000 	/System/Library/Frameworks/ApplicationServices.framework/Versions/A/Frameworks/HIServices.framework/Versions/A/HIServices
0x000000000453c000 	/System/Library/Frameworks/ApplicationServices.framework/Versions/A/Frameworks/LangAnalysis.framework/Versions/A/LangAnalysis
0x000000000453c000 	/System/Library/Frameworks/ApplicationServices.framework/Versions/A/Frameworks/PrintCore.framework/Versions/A/PrintCore
0x000000000453c000 	/System/Library/Frameworks/ApplicationServices.framework/Versions/A/Frameworks/QD.framework/Versions/A/QD
0x000000000453c000 	/System/Library/Frameworks/ApplicationServices.framework/Versions/A/Frameworks/SpeechSynthesis.framework/Versions/A/SpeechSynthesis
0x000000000453c000 	/System/Library/Frameworks/Metal.framework/Versions/A/Metal
0x000000000453c000 	/System/Library/Frameworks/Accelerate.framework/Versions/A/Frameworks/vImage.framework/Versions/A/vImage
0x000000000453c000 	/System/Library/Frameworks/Accelerate.framework/Versions/A/Frameworks/vecLib.framework/Versions/A/vecLib
0x000000000453c000 	/System/Library/Frameworks/Accelerate.framework/Versions/A/Frameworks/vecLib.framework/Versions/A/libvDSP.dylib
0x000000000453c000 	/System/Library/Frameworks/Accelerate.framework/Versions/A/Frameworks/vecLib.framework/Versions/A/libvMisc.dylib
0x000000000453c000 	/System/Library/Frameworks/Accelerate.framework/Versions/A/Frameworks/vecLib.framework/Versions/A/libLAPACK.dylib
0x000000000453c000 	/System/Library/Frameworks/Accelerate.framework/Versions/A/Frameworks/vecLib.framework/Versions/A/libBLAS.dylib
0x000000000453c000 	/System/Library/Frameworks/Accelerate.framework/Versions/A/Frameworks/vecLib.framework/Versions/A/libLinearAlgebra.dylib
0x000000000453c000 	/System/Library/Frameworks/Accelerate.framework/Versions/A/Frameworks/vecLib.framework/Versions/A/libSparseBLAS.dylib
0x000000000453c000 	/System/Library/PrivateFrameworks/GPUCompiler.framework/libmetal_timestamp.dylib
0x000000000453c000 	/System/Library/Frameworks/OpenGL.framework/Versions/A/Libraries/libCoreFSCache.dylib
0x000000000453c000 	/System/Library/PrivateFrameworks/IOAccelerator.framework/Versions/A/IOAccelerator
0x000000000453c000 	/System/Library/Frameworks/ApplicationServices.framework/Versions/A/Frameworks/ATS.framework/Versions/A/Resources/libFontParser.dylib
0x000000000453c000 	/System/Library/Frameworks/ApplicationServices.framework/Versions/A/Frameworks/ATS.framework/Versions/A/Resources/libFontRegistry.dylib
0x000000000453c000 	/System/Library/PrivateFrameworks/AppleVPA.framework/Versions/A/AppleVPA
0x000000000453c000 	/System/Library/PrivateFrameworks/AppleJPEG.framework/Versions/A/AppleJPEG
0x000000000453c000 	/System/Library/Frameworks/ImageIO.framework/Versions/A/Resources/libJPEG.dylib
0x000000000453c000 	/System/Library/Frameworks/ImageIO.framework/Versions/A/Resources/libTIFF.dylib
0x000000000453c000 	/System/Library/Frameworks/ImageIO.framework/Versions/A/Resources/libPng.dylib
0x000000000453c000 	/System/Library/Frameworks/ImageIO.framework/Versions/A/Resources/libGIF.dylib
0x000000000453c000 	/System/Library/Frameworks/ImageIO.framework/Versions/A/Resources/libJP2.dylib
0x000000000453c000 	/System/Library/Frameworks/ImageIO.framework/Versions/A/Resources/libRadiance.dylib
0x000000000453c000 	/System/Library/Frameworks/CoreVideo.framework/Versions/A/CoreVideo
0x000000000453c000 	/System/Library/Frameworks/OpenGL.framework/Versions/A/Libraries/libGLU.dylib
0x000000000453c000 	/System/Library/Frameworks/OpenGL.framework/Versions/A/Libraries/libGFXShared.dylib
0x000000000453c000 	/System/Library/Frameworks/OpenGL.framework/Versions/A/Libraries/libGL.dylib
0x000000000453c000 	/System/Library/Frameworks/OpenGL.framework/Versions/A/Libraries/libGLImage.dylib
0x000000000453c000 	/System/Library/Frameworks/OpenGL.framework/Versions/A/Libraries/libCVMSPluginSupport.dylib
0x000000000453c000 	/System/Library/Frameworks/OpenGL.framework/Versions/A/Libraries/libCoreVMClient.dylib
0x000000000453c000 	/usr/lib/libcompression.dylib
0x000000000453c000 	/usr/lib/libcups.2.dylib
0x000000000453c000 	/System/Library/Frameworks/Kerberos.framework/Versions/A/Kerberos
0x000000000453c000 	/System/Library/Frameworks/GSS.framework/Versions/A/GSS
0x000000000453c000 	/usr/lib/libresolv.9.dylib
0x000000000453c000 	/usr/lib/libiconv.2.dylib
0x000000000453c000 	/System/Library/PrivateFrameworks/Heimdal.framework/Versions/A/Heimdal
0x000000000453c000 	/usr/lib/libheimdal-asn1.dylib
0x000000000453c000 	/System/Library/Frameworks/OpenDirectory.framework/Versions/A/OpenDirectory
0x000000000453c000 	/System/Library/PrivateFrameworks/CommonAuth.framework/Versions/A/CommonAuth
0x000000000453c000 	/System/Library/Frameworks/OpenDirectory.framework/Versions/A/Frameworks/CFOpenDirectory.framework/Versions/A/CFOpenDirectory
0x000000000453c000 	/System/Library/Frameworks/SecurityFoundation.framework/Versions/A/SecurityFoundation
0x000000000453c000 	/System/Library/PrivateFrameworks/LanguageModeling.framework/Versions/A/LanguageModeling
0x000000000453c000 	/usr/lib/libmarisa.dylib
0x000000000453c000 	/usr/lib/libChineseTokenizer.dylib
0x000000000453c000 	/usr/lib/libcmph.dylib
0x000000000453c000 	/System/Library/Frameworks/ServiceManagement.framework/Versions/A/ServiceManagement
0x000000000453c000 	/usr/lib/libxslt.1.dylib
0x000000000453c000 	/System/Library/Frameworks/Carbon.framework/Versions/A/Frameworks/Ink.framework/Versions/A/Ink
0x000000000453c000 	/usr/lib/libFosl_dynamic.dylib
0x000000000453c000 	/System/Library/PrivateFrameworks/FaceCore.framework/Versions/A/FaceCore
0x000000000453c000 	/System/Library/Frameworks/OpenCL.framework/Versions/A/OpenCL
0x000000000453c000 	/System/Library/PrivateFrameworks/CrashReporterSupport.framework/Versions/A/CrashReporterSupport
0x000000000453c000 	/System/Library/PrivateFrameworks/IconServices.framework/Versions/A/IconServices
0x000000000453c000 	/System/Library/PrivateFrameworks/Apple80211.framework/Versions/A/Apple80211
0x000000000453c000 	/System/Library/Frameworks/CoreWLAN.framework/Versions/A/CoreWLAN
0x000000000453c000 	/System/Library/Frameworks/IOBluetooth.framework/Versions/A/IOBluetooth
0x000000000453c000 	/System/Library/PrivateFrameworks/CoreWiFi.framework/Versions/A/CoreWiFi
0x000000000453c000 	/System/Library/Frameworks/CoreBluetooth.framework/Versions/A/CoreBluetooth
0x000000000453c000 	/System/Library/PrivateFrameworks/ChunkingLibrary.framework/Versions/A/ChunkingLibrary
0x000000000453c000 	/System/Library/PrivateFrameworks/DebugSymbols.framework/Versions/A/DebugSymbols
0x000000000453c000 	/System/Library/PrivateFrameworks/CoreSymbolication.framework/Versions/A/CoreSymbolication
0x000000000453c000 	/System/Library/PrivateFrameworks/Symbolication.framework/Versions/A/Symbolication
0x000000000453c000 	/System/Library/PrivateFrameworks/SpeechRecognitionCore.framework/Versions/A/SpeechRecognitionCore
0x0000000107a00000 	/Library/Java/JavaVirtualMachines/jdk1.8.0_102.jdk/Contents/Home/jre/lib/server/libjvm.dylib
0x000000000453c000 	/usr/lib/libstdc++.6.dylib
0x0000000106891000 	/Library/Java/JavaVirtualMachines/jdk1.8.0_102.jdk/Contents/Home/jre/lib/libverify.dylib
0x000000010689f000 	/Library/Java/JavaVirtualMachines/jdk1.8.0_102.jdk/Contents/Home/jre/lib/libjava.dylib
0x00000001068de000 	/Library/Java/JavaVirtualMachines/jdk1.8.0_102.jdk/Contents/Home/jre/lib/libzip.dylib
0x0000000123944000 	/System/Library/Frameworks/JavaVM.framework/Frameworks/JavaRuntimeSupport.framework/JavaRuntimeSupport
0x000000012395f000 	/System/Library/Frameworks/JavaVM.framework/Versions/A/Frameworks/JavaNativeFoundation.framework/Versions/A/JavaNativeFoundation
0x0000000123974000 	/System/Library/Frameworks/JavaVM.framework/Versions/A/JavaVM
0x000000000453c000 	/System/Library/Frameworks/Carbon.framework/Versions/A/Carbon
0x0000000123981000 	/System/Library/PrivateFrameworks/JavaLaunching.framework/Versions/A/JavaLaunching
0x000000000453c000 	/System/Library/Frameworks/Carbon.framework/Versions/A/Frameworks/CommonPanels.framework/Versions/A/CommonPanels
0x000000000453c000 	/System/Library/Frameworks/Carbon.framework/Versions/A/Frameworks/Help.framework/Versions/A/Help
0x000000000453c000 	/System/Library/Frameworks/Carbon.framework/Versions/A/Frameworks/ImageCapture.framework/Versions/A/ImageCapture
0x000000000453c000 	/System/Library/Frameworks/Carbon.framework/Versions/A/Frameworks/OpenScripting.framework/Versions/A/OpenScripting
0x000000000453c000 	/System/Library/Frameworks/Carbon.framework/Versions/A/Frameworks/Print.framework/Versions/A/Print
0x000000000453c000 	/System/Library/Frameworks/Carbon.framework/Versions/A/Frameworks/SecurityHI.framework/Versions/A/SecurityHI

VM Arguments:
jvm_args: -Dfile.encoding=UTF-8 
java_command: Ex6
java_class_path (initial): /Users/jennifer/Documents/Eclipse/workspace/Chapter_9
Launcher Type: SUN_STANDARD

Environment Variables:
PATH=/usr/bin:/bin:/usr/sbin:/sbin
SHELL=/bin/bash

Signal Handlers:
SIGSEGV: [libjvm.dylib+0x5b0579], sa_mask[0]=11111111011111110111111111111111, sa_flags=SA_ONSTACK|SA_RESTART|SA_SIGINFO
SIGBUS: [libjvm.dylib+0x5b0579], sa_mask[0]=11111111011111110111111111111111, sa_flags=SA_RESTART|SA_SIGINFO
SIGFPE: [libjvm.dylib+0x4874e4], sa_mask[0]=11111111011111110111111111111111, sa_flags=SA_RESTART|SA_SIGINFO
SIGPIPE: [libjvm.dylib+0x4874e4], sa_mask[0]=11111111011111110111111111111111, sa_flags=SA_RESTART|SA_SIGINFO
SIGXFSZ: [libjvm.dylib+0x4874e4], sa_mask[0]=11111111011111110111111111111111, sa_flags=SA_RESTART|SA_SIGINFO
SIGILL: [libjvm.dylib+0x4874e4], sa_mask[0]=11111111011111110111111111111111, sa_flags=SA_RESTART|SA_SIGINFO
SIGUSR1: SIG_DFL, sa_mask[0]=00000000000000000000000000000000, sa_flags=none
SIGUSR2: [libjvm.dylib+0x487002], sa_mask[0]=00100000000000000000000000000000, sa_flags=SA_RESTART|SA_SIGINFO
SIGHUP: [libjvm.dylib+0x4855d9], sa_mask[0]=11111111011111110111111111111111, sa_flags=SA_RESTART|SA_SIGINFO
SIGINT: [libjvm.dylib+0x4855d9], sa_mask[0]=11111111011111110111111111111111, sa_flags=SA_RESTART|SA_SIGINFO
SIGTERM: [libjvm.dylib+0x4855d9], sa_mask[0]=11111111011111110111111111111111, sa_flags=SA_RESTART|SA_SIGINFO
SIGQUIT: [libjvm.dylib+0x4855d9], sa_mask[0]=11111111011111110111111111111111, sa_flags=SA_RESTART|SA_SIGINFO


---------------  S Y S T E M  ---------------

OS:Bsduname:Darwin 15.6.0 Darwin Kernel Version 15.6.0: Thu Jun 23 18:25:34 PDT 2016; root:xnu-3248.60.10~1/RELEASE_X86_64 x86_64
rlimit: STACK 8192k, CORE 0k, NPROC 709, NOFILE 10240, AS infinity
load average:4.71 4.71 4.14

CPU:total 8 (4 cores per cpu, 2 threads per core) family 6 model 42 stepping 7, cmov, cx8, fxsr, mmx, sse, sse2, sse3, ssse3, sse4.1, sse4.2, popcnt, avx, aes, clmul, ht, tsc, tscinvbit

Memory: 4k page, physical 16777216k(3158772k free)

/proc/meminfo:


vm_info: Java HotSpot(TM) 64-Bit Server VM (25.102-b14) for bsd-amd64 JRE (1.8.0_102-b14), built on Jun 22 2016 11:42:36 by "java_re" with gcc 4.2.1 (Based on Apple Inc. build 5658) (LLVM build 2336.11.00)

time: Sun Sep 11 03:08:19 2016
elapsed time: 12791 seconds (0d 3h 33m 11s)

